


ARM Macro Assembler    Page 1 


    1 00000000         ;/******************************************************
                       ********************//**
    2 00000000         ; * @file     startup_CMSDK_CM0.s
    3 00000000         ; * @brief    CMSIS Cortex-M0 Core Device Startup File f
                       or
    4 00000000         ; *           Device CMSDK_CM0
    5 00000000         ; * @version  V3.01
    6 00000000         ; * @date     06. March 2012
    7 00000000         ; *
    8 00000000         ; * @note
    9 00000000         ; * Copyright (C) 2012 ARM Limited. All rights reserved.
                       
   10 00000000         ; *
   11 00000000         ; * @par
   12 00000000         ; * ARM Limited (ARM) is supplying this software for use
                        with Cortex-M
   13 00000000         ; * processor based microcontrollers.  This file can be 
                       freely distributed
   14 00000000         ; * within development tools that are supporting such AR
                       M based processors.
   15 00000000         ; *
   16 00000000         ; * @par
   17 00000000         ; * THIS SOFTWARE IS PROVIDED "AS IS".  NO WARRANTIES, W
                       HETHER EXPRESS, IMPLIED
   18 00000000         ; * OR STATUTORY, INCLUDING, BUT NOT LIMITED TO, IMPLIED
                        WARRANTIES OF
   19 00000000         ; * MERCHANTABILITY AND FITNESS FOR A PARTICULAR PURPOSE
                        APPLY TO THIS SOFTWARE.
   20 00000000         ; * ARM SHALL NOT, IN ANY CIRCUMSTANCES, BE LIABLE FOR S
                       PECIAL, INCIDENTAL, OR
   21 00000000         ; * CONSEQUENTIAL DAMAGES, FOR ANY REASON WHATSOEVER.
   22 00000000         ; *
   23 00000000         ; ******************************************************
                       ************************/
   24 00000000         ;/*
   25 00000000         ;//-------- <<< Use Configuration Wizard in Context Menu
                        >>> ------------------
   26 00000000         ;*/
   27 00000000         
   28 00000000         
   29 00000000         ; <h> Stack Configuration
   30 00000000         ;   <o> Stack Size (in Bytes) <0x0-0xFFFFFFFF:8>
   31 00000000         ; </h>
   32 00000000         
   33 00000000 00000200 
                       Stack_Size
                               EQU              0x00000200
   34 00000000         
   35 00000000                 AREA             STACK, NOINIT, READWRITE, ALIGN
=3
   36 00000000         Stack_Mem
                               SPACE            Stack_Size
   37 00000200         __initial_sp
   38 00000200         
   39 00000200         
   40 00000200         ; <h> Heap Configuration
   41 00000200         ;   <o>  Heap Size (in Bytes) <0x0-0xFFFFFFFF:8>
   42 00000200         ; </h>
   43 00000200         



ARM Macro Assembler    Page 2 


   44 00000200 00000100 
                       Heap_Size
                               EQU              0x00000100
   45 00000200         
   46 00000200                 AREA             HEAP, NOINIT, READWRITE, ALIGN=
3
   47 00000000         __heap_base
   48 00000000         Heap_Mem
                               SPACE            Heap_Size
   49 00000100         __heap_limit
   50 00000100         
   51 00000100         
   52 00000100                 PRESERVE8
   53 00000100                 THUMB
   54 00000100         
   55 00000100         
   56 00000100         ; Vector Table Mapped to Address 0 at Reset
   57 00000100         
   58 00000100                 AREA             RESET, DATA, READONLY
   59 00000000                 EXPORT           __Vectors
   60 00000000                 EXPORT           __Vectors_End
   61 00000000                 EXPORT           __Vectors_Size
   62 00000000         
   63 00000000 00000000 
                       __Vectors
                               DCD              __initial_sp ; Top of Stack
   64 00000004 00000000        DCD              Reset_Handler ; Reset Handler
   65 00000008 00000000        DCD              NMI_Handler ; NMI Handler
   66 0000000C 00000000        DCD              HardFault_Handler ; Hard Fault 
                                                            Handler
   67 00000010 00000000        DCD              0           ; Reserved
   68 00000014 00000000        DCD              0           ; Reserved
   69 00000018 00000000        DCD              0           ; Reserved
   70 0000001C 00000000        DCD              0           ; Reserved
   71 00000020 00000000        DCD              0           ; Reserved
   72 00000024 00000000        DCD              0           ; Reserved
   73 00000028 00000000        DCD              0           ; Reserved
   74 0000002C 00000000        DCD              SVC_Handler ; SVCall Handler
   75 00000030 00000000        DCD              0           ; Reserved
   76 00000034 00000000        DCD              0           ; Reserved
   77 00000038 00000000        DCD              PendSV_Handler ; PendSV Handler
                                                            
   78 0000003C 00000000        DCD              SysTick_Handler 
                                                            ; SysTick Handler
   79 00000040 00000000        DCD              LVD_Handler ; 
   80 00000044 00000000        DCD              RTC_Handler ; 
   81 00000048 00000000        DCD              COMP0_Handler ; 
   82 0000004C 00000000        DCD              COMP1_Handler ; 
   83 00000050 00000000        DCD              GPIO0_7_Handler ; 
   84 00000054 00000000        DCD              GPIO8_15_Handler ; 
   85 00000058 00000000        DCD              GPIO16_23_Handler ; 
   86 0000005C 00000000        DCD              MTP_Handler ; 
   87 00000060 00000000        DCD              CHARGER_OK_Handler ; 
   88 00000064 00000000        DCD              CHARGER_END_Handler ; 
   89 00000068 00000000        DCD              ADC_Handler ; 
   90 0000006C 00000000        DCD              LCD_Handler ; 
   91 00000070 00000000        DCD              UART0_Handler ; 
   92 00000074 00000000        DCD              UART1_Handler ; 
   93 00000078 00000000        DCD              SPI0_Handler ; 



ARM Macro Assembler    Page 3 


   94 0000007C 00000000        DCD              SPI1_Handler ; 
   95 00000080 00000000        DCD              I2C0_Event_Handler ; 
   96 00000084 00000000        DCD              I2C0_Error_Handler ; 
   97 00000088 00000000        DCD              I2C1_Event_Handler ; 
   98 0000008C 00000000        DCD              I2C1_Error_Handler ; 
   99 00000090 00000000        DCD              PWM_Handler ; 
  100 00000094 00000000        DCD              TIMER0_Handler ; 
  101 00000098 00000000        DCD              TIMER1_Handler ; 
  102 0000009C 00000000        DCD              DUALTIMER_Handler ; 
  103 000000A0 00000000        DCD              OVER_TEMP_Handler ; 
  104 000000A4 00000000        DCD              WG_DRV_Handler ; 
  105 000000A8 00000000        DCD              0           ; 
  106 000000AC 00000000        DCD              0           ; 
  107 000000B0 00000000        DCD              0           ; 
  108 000000B4 00000000        DCD              0           ; 
  109 000000B8 00000000        DCD              0           ; 
  110 000000BC 00000000        DCD              0           ; 
  111 000000C0         __Vectors_End
  112 000000C0         
  113 000000C0 000000C0 
                       __Vectors_Size
                               EQU              __Vectors_End - __Vectors
  114 000000C0         
  115 000000C0                 AREA             |.text|, CODE, READONLY
  116 00000000         
  117 00000000         
  118 00000000         ; Reset Handler
  119 00000000         
  120 00000000         Reset_Handler
                               PROC
  121 00000000                 EXPORT           Reset_Handler             [WEAK
]
  122 00000000                 IMPORT           SystemInit
  123 00000000                 IMPORT           __main
  124 00000000 4804            LDR              R0, =SystemInit
  125 00000002 4780            BLX              R0
  126 00000004 4804            LDR              R0, =__main
  127 00000006 4700            BX               R0
  128 00000008                 ENDP
  129 00000008         
  130 00000008         
  131 00000008         ; Dummy Exception Handlers (infinite loops which can be 
                       modified)
  132 00000008         
  133 00000008         NMI_Handler
                               PROC
  134 00000008                 EXPORT           NMI_Handler               [WEAK
]
  135 00000008 E7FE            B                .
  136 0000000A                 ENDP
  138 0000000A         HardFault_Handler
                               PROC
  139 0000000A                 EXPORT           HardFault_Handler         [WEAK
]
  140 0000000A E7FE            B                .
  141 0000000C                 ENDP
  142 0000000C         SVC_Handler
                               PROC
  143 0000000C                 EXPORT           SVC_Handler               [WEAK



ARM Macro Assembler    Page 4 


]
  144 0000000C E7FE            B                .
  145 0000000E                 ENDP
  146 0000000E         PendSV_Handler
                               PROC
  147 0000000E                 EXPORT           PendSV_Handler            [WEAK
]
  148 0000000E E7FE            B                .
  149 00000010                 ENDP
  150 00000010         SysTick_Handler
                               PROC
  151 00000010                 EXPORT           SysTick_Handler            [WEA
K]
  152 00000010 E7FE            B                .
  153 00000012                 ENDP
  154 00000012         Default_Handler
                               PROC
  155 00000012                 EXPORT           LVD_Handler            [WEAK]
  156 00000012                 EXPORT           RTC_Handler            [WEAK]
  157 00000012                 EXPORT           COMP0_Handler          [WEAK]
  158 00000012                 EXPORT           COMP1_Handler          [WEAK]
  159 00000012                 EXPORT           GPIO0_7_Handler        [WEAK]
  160 00000012                 EXPORT           GPIO8_15_Handler       [WEAK]
  161 00000012                 EXPORT           GPIO16_23_Handler      [WEAK]
  162 00000012                 EXPORT           MTP_Handler            [WEAK]
  163 00000012                 EXPORT           CHARGER_OK_Handler     [WEAK]
  164 00000012                 EXPORT           CHARGER_END_Handler    [WEAK]
  165 00000012                 EXPORT           ADC_Handler            [WEAK]
  166 00000012                 EXPORT           LCD_Handler            [WEAK]
  167 00000012                 EXPORT           UART0_Handler          [WEAK]
  168 00000012                 EXPORT           UART1_Handler          [WEAK]
  169 00000012                 EXPORT           SPI0_Handler           [WEAK]
  170 00000012                 EXPORT           SPI1_Handler           [WEAK]
  171 00000012                 EXPORT           I2C0_Event_Handler     [WEAK]
  172 00000012                 EXPORT           I2C0_Error_Handler     [WEAK]
  173 00000012                 EXPORT           I2C1_Event_Handler     [WEAK]
  174 00000012                 EXPORT           I2C1_Error_Handler     [WEAK]
  175 00000012                 EXPORT           PWM_Handler            [WEAK]
  176 00000012                 EXPORT           TIMER0_Handler         [WEAK]
  177 00000012                 EXPORT           TIMER1_Handler         [WEAK]
  178 00000012                 EXPORT           DUALTIMER_Handler      [WEAK]
  179 00000012                 EXPORT           OVER_TEMP_Handler      [WEAK]
  180 00000012                 EXPORT           WG_DRV_Handler         [WEAK]
  181 00000012         LVD_Handler
  182 00000012         RTC_Handler
  183 00000012         COMP0_Handler
  184 00000012         COMP1_Handler
  185 00000012         GPIO0_7_Handler
  186 00000012         GPIO8_15_Handler
  187 00000012         GPIO16_23_Handler
  188 00000012         MTP_Handler
  189 00000012         CHARGER_OK_Handler
  190 00000012         CHARGER_END_Handler
  191 00000012         ADC_Handler
  192 00000012         LCD_Handler
  193 00000012         UART0_Handler
  194 00000012         UART1_Handler
  195 00000012         SPI0_Handler
  196 00000012         SPI1_Handler



ARM Macro Assembler    Page 5 


  197 00000012         I2C0_Event_Handler
  198 00000012         I2C0_Error_Handler
  199 00000012         I2C1_Event_Handler
  200 00000012         I2C1_Error_Handler
  201 00000012         PWM_Handler
  202 00000012         TIMER0_Handler
  203 00000012         TIMER1_Handler
  204 00000012         DUALTIMER_Handler
  205 00000012         OVER_TEMP_Handler
  206 00000012         WG_DRV_Handler
  207 00000012 E7FE            B                .
  208 00000014                 ENDP
  209 00000014         
  210 00000014         
  211 00000014                 ALIGN
  212 00000014         
  213 00000014         
  214 00000014         ; User Initial Stack & Heap
  215 00000014         
  216 00000014                 IF               :DEF:__MICROLIB
  217 00000014         
  218 00000014                 EXPORT           __initial_sp
  219 00000014                 EXPORT           __heap_base
  220 00000014                 EXPORT           __heap_limit
  221 00000014         
  222 00000014                 ELSE
  237                          ENDIF
  238 00000014         
  239 00000014         
  240 00000014                 END
              00000000 
              00000000 
Command Line: --debug --xref --diag_suppress=9931 --cpu=Cortex-M0 --apcs=interw
ork --depend=.\objects\startup_cmsdk_cm0.d -o.\objects\startup_cmsdk_cm0.o -ID:
\灵络\新建文件夹\1、波形发生例程\5、ENS_iftsine_TEST\RTE -ID:\STM32\KEIL\ARM\PA
CK\ARM\CMSIS\4.5.0\CMSIS\Include -ID:\STM32\KEIL\ARM\PACK\ARM\CMSIS\4.5.0\Devic
e\ARM\ARMCM0\Include -ID:\STM32\KEIL\ARM\PACK\ARM\CMSIS\4.5.0 --predefine="__MI
CROLIB SETA 1" --predefine="__UVISION_VERSION SETA 518" --predefine="_RTE_ SETA
 1" --predefine="ARMCM0 SETA 1" --list=.\listings\startup_cmsdk_cm0.lst common\
cmsis\Device\ARM\CMSDK_CM0\Source\ARM\startup_CMSDK_CM0.s



ARM Macro Assembler    Page 1 Alphabetic symbol ordering
Relocatable symbols

STACK 00000000

Symbol: STACK
   Definitions
      At line 35 in file common\cmsis\Device\ARM\CMSDK_CM0\Source\ARM\startup_C
MSDK_CM0.s
   Uses
      None
Comment: STACK unused
Stack_Mem 00000000

Symbol: Stack_Mem
   Definitions
      At line 36 in file common\cmsis\Device\ARM\CMSDK_CM0\Source\ARM\startup_C
MSDK_CM0.s
   Uses
      None
Comment: Stack_Mem unused
__initial_sp 00000200

Symbol: __initial_sp
   Definitions
      At line 37 in file common\cmsis\Device\ARM\CMSDK_CM0\Source\ARM\startup_C
MSDK_CM0.s
   Uses
      At line 63 in file common\cmsis\Device\ARM\CMSDK_CM0\Source\ARM\startup_C
MSDK_CM0.s
      At line 218 in file common\cmsis\Device\ARM\CMSDK_CM0\Source\ARM\startup_
CMSDK_CM0.s

3 symbols



ARM Macro Assembler    Page 1 Alphabetic symbol ordering
Relocatable symbols

HEAP 00000000

Symbol: HEAP
   Definitions
      At line 46 in file common\cmsis\Device\ARM\CMSDK_CM0\Source\ARM\startup_C
MSDK_CM0.s
   Uses
      None
Comment: HEAP unused
Heap_Mem 00000000

Symbol: Heap_Mem
   Definitions
      At line 48 in file common\cmsis\Device\ARM\CMSDK_CM0\Source\ARM\startup_C
MSDK_CM0.s
   Uses
      None
Comment: Heap_Mem unused
__heap_base 00000000

Symbol: __heap_base
   Definitions
      At line 47 in file common\cmsis\Device\ARM\CMSDK_CM0\Source\ARM\startup_C
MSDK_CM0.s
   Uses
      At line 219 in file common\cmsis\Device\ARM\CMSDK_CM0\Source\ARM\startup_
CMSDK_CM0.s
Comment: __heap_base used once
__heap_limit 00000100

Symbol: __heap_limit
   Definitions
      At line 49 in file common\cmsis\Device\ARM\CMSDK_CM0\Source\ARM\startup_C
MSDK_CM0.s
   Uses
      At line 220 in file common\cmsis\Device\ARM\CMSDK_CM0\Source\ARM\startup_
CMSDK_CM0.s
Comment: __heap_limit used once
4 symbols



ARM Macro Assembler    Page 1 Alphabetic symbol ordering
Relocatable symbols

RESET 00000000

Symbol: RESET
   Definitions
      At line 58 in file common\cmsis\Device\ARM\CMSDK_CM0\Source\ARM\startup_C
MSDK_CM0.s
   Uses
      None
Comment: RESET unused
__Vectors 00000000

Symbol: __Vectors
   Definitions
      At line 63 in file common\cmsis\Device\ARM\CMSDK_CM0\Source\ARM\startup_C
MSDK_CM0.s
   Uses
      At line 59 in file common\cmsis\Device\ARM\CMSDK_CM0\Source\ARM\startup_C
MSDK_CM0.s
      At line 113 in file common\cmsis\Device\ARM\CMSDK_CM0\Source\ARM\startup_
CMSDK_CM0.s

__Vectors_End 000000C0

Symbol: __Vectors_End
   Definitions
      At line 111 in file common\cmsis\Device\ARM\CMSDK_CM0\Source\ARM\startup_
CMSDK_CM0.s
   Uses
      At line 60 in file common\cmsis\Device\ARM\CMSDK_CM0\Source\ARM\startup_C
MSDK_CM0.s
      At line 113 in file common\cmsis\Device\ARM\CMSDK_CM0\Source\ARM\startup_
CMSDK_CM0.s

3 symbols



ARM Macro Assembler    Page 1 Alphabetic symbol ordering
Relocatable symbols

.text 00000000

Symbol: .text
   Definitions
      At line 115 in file common\cmsis\Device\ARM\CMSDK_CM0\Source\ARM\startup_
CMSDK_CM0.s
   Uses
      None
Comment: .text unused
ADC_Handler 00000012

Symbol: ADC_Handler
   Definitions
      At line 191 in file common\cmsis\Device\ARM\CMSDK_CM0\Source\ARM\startup_
CMSDK_CM0.s
   Uses
      At line 89 in file common\cmsis\Device\ARM\CMSDK_CM0\Source\ARM\startup_C
MSDK_CM0.s
      At line 165 in file common\cmsis\Device\ARM\CMSDK_CM0\Source\ARM\startup_
CMSDK_CM0.s

CHARGER_END_Handler 00000012

Symbol: CHARGER_END_Handler
   Definitions
      At line 190 in file common\cmsis\Device\ARM\CMSDK_CM0\Source\ARM\startup_
CMSDK_CM0.s
   Uses
      At line 88 in file common\cmsis\Device\ARM\CMSDK_CM0\Source\ARM\startup_C
MSDK_CM0.s
      At line 164 in file common\cmsis\Device\ARM\CMSDK_CM0\Source\ARM\startup_
CMSDK_CM0.s

CHARGER_OK_Handler 00000012

Symbol: CHARGER_OK_Handler
   Definitions
      At line 189 in file common\cmsis\Device\ARM\CMSDK_CM0\Source\ARM\startup_
CMSDK_CM0.s
   Uses
      At line 87 in file common\cmsis\Device\ARM\CMSDK_CM0\Source\ARM\startup_C
MSDK_CM0.s
      At line 163 in file common\cmsis\Device\ARM\CMSDK_CM0\Source\ARM\startup_
CMSDK_CM0.s

COMP0_Handler 00000012

Symbol: COMP0_Handler
   Definitions
      At line 183 in file common\cmsis\Device\ARM\CMSDK_CM0\Source\ARM\startup_
CMSDK_CM0.s
   Uses
      At line 81 in file common\cmsis\Device\ARM\CMSDK_CM0\Source\ARM\startup_C
MSDK_CM0.s
      At line 157 in file common\cmsis\Device\ARM\CMSDK_CM0\Source\ARM\startup_
CMSDK_CM0.s

COMP1_Handler 00000012




ARM Macro Assembler    Page 2 Alphabetic symbol ordering
Relocatable symbols

Symbol: COMP1_Handler
   Definitions
      At line 184 in file common\cmsis\Device\ARM\CMSDK_CM0\Source\ARM\startup_
CMSDK_CM0.s
   Uses
      At line 82 in file common\cmsis\Device\ARM\CMSDK_CM0\Source\ARM\startup_C
MSDK_CM0.s
      At line 158 in file common\cmsis\Device\ARM\CMSDK_CM0\Source\ARM\startup_
CMSDK_CM0.s

DUALTIMER_Handler 00000012

Symbol: DUALTIMER_Handler
   Definitions
      At line 204 in file common\cmsis\Device\ARM\CMSDK_CM0\Source\ARM\startup_
CMSDK_CM0.s
   Uses
      At line 102 in file common\cmsis\Device\ARM\CMSDK_CM0\Source\ARM\startup_
CMSDK_CM0.s
      At line 178 in file common\cmsis\Device\ARM\CMSDK_CM0\Source\ARM\startup_
CMSDK_CM0.s

Default_Handler 00000012

Symbol: Default_Handler
   Definitions
      At line 154 in file common\cmsis\Device\ARM\CMSDK_CM0\Source\ARM\startup_
CMSDK_CM0.s
   Uses
      None
Comment: Default_Handler unused
GPIO0_7_Handler 00000012

Symbol: GPIO0_7_Handler
   Definitions
      At line 185 in file common\cmsis\Device\ARM\CMSDK_CM0\Source\ARM\startup_
CMSDK_CM0.s
   Uses
      At line 83 in file common\cmsis\Device\ARM\CMSDK_CM0\Source\ARM\startup_C
MSDK_CM0.s
      At line 159 in file common\cmsis\Device\ARM\CMSDK_CM0\Source\ARM\startup_
CMSDK_CM0.s

GPIO16_23_Handler 00000012

Symbol: GPIO16_23_Handler
   Definitions
      At line 187 in file common\cmsis\Device\ARM\CMSDK_CM0\Source\ARM\startup_
CMSDK_CM0.s
   Uses
      At line 85 in file common\cmsis\Device\ARM\CMSDK_CM0\Source\ARM\startup_C
MSDK_CM0.s
      At line 161 in file common\cmsis\Device\ARM\CMSDK_CM0\Source\ARM\startup_
CMSDK_CM0.s

GPIO8_15_Handler 00000012

Symbol: GPIO8_15_Handler
   Definitions



ARM Macro Assembler    Page 3 Alphabetic symbol ordering
Relocatable symbols

      At line 186 in file common\cmsis\Device\ARM\CMSDK_CM0\Source\ARM\startup_
CMSDK_CM0.s
   Uses
      At line 84 in file common\cmsis\Device\ARM\CMSDK_CM0\Source\ARM\startup_C
MSDK_CM0.s
      At line 160 in file common\cmsis\Device\ARM\CMSDK_CM0\Source\ARM\startup_
CMSDK_CM0.s

HardFault_Handler 0000000A

Symbol: HardFault_Handler
   Definitions
      At line 138 in file common\cmsis\Device\ARM\CMSDK_CM0\Source\ARM\startup_
CMSDK_CM0.s
   Uses
      At line 66 in file common\cmsis\Device\ARM\CMSDK_CM0\Source\ARM\startup_C
MSDK_CM0.s
      At line 139 in file common\cmsis\Device\ARM\CMSDK_CM0\Source\ARM\startup_
CMSDK_CM0.s

I2C0_Error_Handler 00000012

Symbol: I2C0_Error_Handler
   Definitions
      At line 198 in file common\cmsis\Device\ARM\CMSDK_CM0\Source\ARM\startup_
CMSDK_CM0.s
   Uses
      At line 96 in file common\cmsis\Device\ARM\CMSDK_CM0\Source\ARM\startup_C
MSDK_CM0.s
      At line 172 in file common\cmsis\Device\ARM\CMSDK_CM0\Source\ARM\startup_
CMSDK_CM0.s

I2C0_Event_Handler 00000012

Symbol: I2C0_Event_Handler
   Definitions
      At line 197 in file common\cmsis\Device\ARM\CMSDK_CM0\Source\ARM\startup_
CMSDK_CM0.s
   Uses
      At line 95 in file common\cmsis\Device\ARM\CMSDK_CM0\Source\ARM\startup_C
MSDK_CM0.s
      At line 171 in file common\cmsis\Device\ARM\CMSDK_CM0\Source\ARM\startup_
CMSDK_CM0.s

I2C1_Error_Handler 00000012

Symbol: I2C1_Error_Handler
   Definitions
      At line 200 in file common\cmsis\Device\ARM\CMSDK_CM0\Source\ARM\startup_
CMSDK_CM0.s
   Uses
      At line 98 in file common\cmsis\Device\ARM\CMSDK_CM0\Source\ARM\startup_C
MSDK_CM0.s
      At line 174 in file common\cmsis\Device\ARM\CMSDK_CM0\Source\ARM\startup_
CMSDK_CM0.s

I2C1_Event_Handler 00000012

Symbol: I2C1_Event_Handler



ARM Macro Assembler    Page 4 Alphabetic symbol ordering
Relocatable symbols

   Definitions
      At line 199 in file common\cmsis\Device\ARM\CMSDK_CM0\Source\ARM\startup_
CMSDK_CM0.s
   Uses
      At line 97 in file common\cmsis\Device\ARM\CMSDK_CM0\Source\ARM\startup_C
MSDK_CM0.s
      At line 173 in file common\cmsis\Device\ARM\CMSDK_CM0\Source\ARM\startup_
CMSDK_CM0.s

LCD_Handler 00000012

Symbol: LCD_Handler
   Definitions
      At line 192 in file common\cmsis\Device\ARM\CMSDK_CM0\Source\ARM\startup_
CMSDK_CM0.s
   Uses
      At line 90 in file common\cmsis\Device\ARM\CMSDK_CM0\Source\ARM\startup_C
MSDK_CM0.s
      At line 166 in file common\cmsis\Device\ARM\CMSDK_CM0\Source\ARM\startup_
CMSDK_CM0.s

LVD_Handler 00000012

Symbol: LVD_Handler
   Definitions
      At line 181 in file common\cmsis\Device\ARM\CMSDK_CM0\Source\ARM\startup_
CMSDK_CM0.s
   Uses
      At line 79 in file common\cmsis\Device\ARM\CMSDK_CM0\Source\ARM\startup_C
MSDK_CM0.s
      At line 155 in file common\cmsis\Device\ARM\CMSDK_CM0\Source\ARM\startup_
CMSDK_CM0.s

MTP_Handler 00000012

Symbol: MTP_Handler
   Definitions
      At line 188 in file common\cmsis\Device\ARM\CMSDK_CM0\Source\ARM\startup_
CMSDK_CM0.s
   Uses
      At line 86 in file common\cmsis\Device\ARM\CMSDK_CM0\Source\ARM\startup_C
MSDK_CM0.s
      At line 162 in file common\cmsis\Device\ARM\CMSDK_CM0\Source\ARM\startup_
CMSDK_CM0.s

NMI_Handler 00000008

Symbol: NMI_Handler
   Definitions
      At line 133 in file common\cmsis\Device\ARM\CMSDK_CM0\Source\ARM\startup_
CMSDK_CM0.s
   Uses
      At line 65 in file common\cmsis\Device\ARM\CMSDK_CM0\Source\ARM\startup_C
MSDK_CM0.s
      At line 134 in file common\cmsis\Device\ARM\CMSDK_CM0\Source\ARM\startup_
CMSDK_CM0.s

OVER_TEMP_Handler 00000012




ARM Macro Assembler    Page 5 Alphabetic symbol ordering
Relocatable symbols

Symbol: OVER_TEMP_Handler
   Definitions
      At line 205 in file common\cmsis\Device\ARM\CMSDK_CM0\Source\ARM\startup_
CMSDK_CM0.s
   Uses
      At line 103 in file common\cmsis\Device\ARM\CMSDK_CM0\Source\ARM\startup_
CMSDK_CM0.s
      At line 179 in file common\cmsis\Device\ARM\CMSDK_CM0\Source\ARM\startup_
CMSDK_CM0.s

PWM_Handler 00000012

Symbol: PWM_Handler
   Definitions
      At line 201 in file common\cmsis\Device\ARM\CMSDK_CM0\Source\ARM\startup_
CMSDK_CM0.s
   Uses
      At line 99 in file common\cmsis\Device\ARM\CMSDK_CM0\Source\ARM\startup_C
MSDK_CM0.s
      At line 175 in file common\cmsis\Device\ARM\CMSDK_CM0\Source\ARM\startup_
CMSDK_CM0.s

PendSV_Handler 0000000E

Symbol: PendSV_Handler
   Definitions
      At line 146 in file common\cmsis\Device\ARM\CMSDK_CM0\Source\ARM\startup_
CMSDK_CM0.s
   Uses
      At line 77 in file common\cmsis\Device\ARM\CMSDK_CM0\Source\ARM\startup_C
MSDK_CM0.s
      At line 147 in file common\cmsis\Device\ARM\CMSDK_CM0\Source\ARM\startup_
CMSDK_CM0.s

RTC_Handler 00000012

Symbol: RTC_Handler
   Definitions
      At line 182 in file common\cmsis\Device\ARM\CMSDK_CM0\Source\ARM\startup_
CMSDK_CM0.s
   Uses
      At line 80 in file common\cmsis\Device\ARM\CMSDK_CM0\Source\ARM\startup_C
MSDK_CM0.s
      At line 156 in file common\cmsis\Device\ARM\CMSDK_CM0\Source\ARM\startup_
CMSDK_CM0.s

Reset_Handler 00000000

Symbol: Reset_Handler
   Definitions
      At line 120 in file common\cmsis\Device\ARM\CMSDK_CM0\Source\ARM\startup_
CMSDK_CM0.s
   Uses
      At line 64 in file common\cmsis\Device\ARM\CMSDK_CM0\Source\ARM\startup_C
MSDK_CM0.s
      At line 121 in file common\cmsis\Device\ARM\CMSDK_CM0\Source\ARM\startup_
CMSDK_CM0.s

SPI0_Handler 00000012



ARM Macro Assembler    Page 6 Alphabetic symbol ordering
Relocatable symbols


Symbol: SPI0_Handler
   Definitions
      At line 195 in file common\cmsis\Device\ARM\CMSDK_CM0\Source\ARM\startup_
CMSDK_CM0.s
   Uses
      At line 93 in file common\cmsis\Device\ARM\CMSDK_CM0\Source\ARM\startup_C
MSDK_CM0.s
      At line 169 in file common\cmsis\Device\ARM\CMSDK_CM0\Source\ARM\startup_
CMSDK_CM0.s

SPI1_Handler 00000012

Symbol: SPI1_Handler
   Definitions
      At line 196 in file common\cmsis\Device\ARM\CMSDK_CM0\Source\ARM\startup_
CMSDK_CM0.s
   Uses
      At line 94 in file common\cmsis\Device\ARM\CMSDK_CM0\Source\ARM\startup_C
MSDK_CM0.s
      At line 170 in file common\cmsis\Device\ARM\CMSDK_CM0\Source\ARM\startup_
CMSDK_CM0.s

SVC_Handler 0000000C

Symbol: SVC_Handler
   Definitions
      At line 142 in file common\cmsis\Device\ARM\CMSDK_CM0\Source\ARM\startup_
CMSDK_CM0.s
   Uses
      At line 74 in file common\cmsis\Device\ARM\CMSDK_CM0\Source\ARM\startup_C
MSDK_CM0.s
      At line 143 in file common\cmsis\Device\ARM\CMSDK_CM0\Source\ARM\startup_
CMSDK_CM0.s

SysTick_Handler 00000010

Symbol: SysTick_Handler
   Definitions
      At line 150 in file common\cmsis\Device\ARM\CMSDK_CM0\Source\ARM\startup_
CMSDK_CM0.s
   Uses
      At line 78 in file common\cmsis\Device\ARM\CMSDK_CM0\Source\ARM\startup_C
MSDK_CM0.s
      At line 151 in file common\cmsis\Device\ARM\CMSDK_CM0\Source\ARM\startup_
CMSDK_CM0.s

TIMER0_Handler 00000012

Symbol: TIMER0_Handler
   Definitions
      At line 202 in file common\cmsis\Device\ARM\CMSDK_CM0\Source\ARM\startup_
CMSDK_CM0.s
   Uses
      At line 100 in file common\cmsis\Device\ARM\CMSDK_CM0\Source\ARM\startup_
CMSDK_CM0.s
      At line 176 in file common\cmsis\Device\ARM\CMSDK_CM0\Source\ARM\startup_
CMSDK_CM0.s




ARM Macro Assembler    Page 7 Alphabetic symbol ordering
Relocatable symbols

TIMER1_Handler 00000012

Symbol: TIMER1_Handler
   Definitions
      At line 203 in file common\cmsis\Device\ARM\CMSDK_CM0\Source\ARM\startup_
CMSDK_CM0.s
   Uses
      At line 101 in file common\cmsis\Device\ARM\CMSDK_CM0\Source\ARM\startup_
CMSDK_CM0.s
      At line 177 in file common\cmsis\Device\ARM\CMSDK_CM0\Source\ARM\startup_
CMSDK_CM0.s

UART0_Handler 00000012

Symbol: UART0_Handler
   Definitions
      At line 193 in file common\cmsis\Device\ARM\CMSDK_CM0\Source\ARM\startup_
CMSDK_CM0.s
   Uses
      At line 91 in file common\cmsis\Device\ARM\CMSDK_CM0\Source\ARM\startup_C
MSDK_CM0.s
      At line 167 in file common\cmsis\Device\ARM\CMSDK_CM0\Source\ARM\startup_
CMSDK_CM0.s

UART1_Handler 00000012

Symbol: UART1_Handler
   Definitions
      At line 194 in file common\cmsis\Device\ARM\CMSDK_CM0\Source\ARM\startup_
CMSDK_CM0.s
   Uses
      At line 92 in file common\cmsis\Device\ARM\CMSDK_CM0\Source\ARM\startup_C
MSDK_CM0.s
      At line 168 in file common\cmsis\Device\ARM\CMSDK_CM0\Source\ARM\startup_
CMSDK_CM0.s

WG_DRV_Handler 00000012

Symbol: WG_DRV_Handler
   Definitions
      At line 206 in file common\cmsis\Device\ARM\CMSDK_CM0\Source\ARM\startup_
CMSDK_CM0.s
   Uses
      At line 104 in file common\cmsis\Device\ARM\CMSDK_CM0\Source\ARM\startup_
CMSDK_CM0.s
      At line 180 in file common\cmsis\Device\ARM\CMSDK_CM0\Source\ARM\startup_
CMSDK_CM0.s

34 symbols



ARM Macro Assembler    Page 1 Alphabetic symbol ordering
Absolute symbols

Heap_Size 00000100

Symbol: Heap_Size
   Definitions
      At line 44 in file common\cmsis\Device\ARM\CMSDK_CM0\Source\ARM\startup_C
MSDK_CM0.s
   Uses
      At line 48 in file common\cmsis\Device\ARM\CMSDK_CM0\Source\ARM\startup_C
MSDK_CM0.s
Comment: Heap_Size used once
Stack_Size 00000200

Symbol: Stack_Size
   Definitions
      At line 33 in file common\cmsis\Device\ARM\CMSDK_CM0\Source\ARM\startup_C
MSDK_CM0.s
   Uses
      At line 36 in file common\cmsis\Device\ARM\CMSDK_CM0\Source\ARM\startup_C
MSDK_CM0.s
Comment: Stack_Size used once
__Vectors_Size 000000C0

Symbol: __Vectors_Size
   Definitions
      At line 113 in file common\cmsis\Device\ARM\CMSDK_CM0\Source\ARM\startup_
CMSDK_CM0.s
   Uses
      At line 61 in file common\cmsis\Device\ARM\CMSDK_CM0\Source\ARM\startup_C
MSDK_CM0.s
Comment: __Vectors_Size used once
3 symbols



ARM Macro Assembler    Page 1 Alphabetic symbol ordering
External symbols

SystemInit 00000000

Symbol: SystemInit
   Definitions
      At line 122 in file common\cmsis\Device\ARM\CMSDK_CM0\Source\ARM\startup_
CMSDK_CM0.s
   Uses
      At line 124 in file common\cmsis\Device\ARM\CMSDK_CM0\Source\ARM\startup_
CMSDK_CM0.s
Comment: SystemInit used once
__main 00000000

Symbol: __main
   Definitions
      At line 123 in file common\cmsis\Device\ARM\CMSDK_CM0\Source\ARM\startup_
CMSDK_CM0.s
   Uses
      At line 126 in file common\cmsis\Device\ARM\CMSDK_CM0\Source\ARM\startup_
CMSDK_CM0.s
Comment: __main used once
2 symbols
385 symbols in table
